<?xml version="1.0" encoding="UTF-8"?>
<!-- Generated by org.testng.reporters.JUnitReportReporter -->
<testsuite hostname="SaiSravani" failures="0" tests="1" name="com.api.tests.loginAPITest" time="2.277" errors="0" timestamp="2025-06-06T12:44:10 CEST" skipped="0">
  <testcase classname="com.api.tests.loginAPITest" name="loginTest" time="2.277"/>
</testsuite> <!-- com.api.tests.loginAPITest -->
