<?xml version="1.0" encoding="UTF-8"?>
<!-- Generated by org.testng.reporters.JUnitReportReporter -->
<testsuite hostname="SaiSravani" failures="0" tests="1" name="com.api.tests.ForgotPasswordTest" time="2.479" errors="0" timestamp="2025-06-11T13:36:44 CEST" skipped="0">
  <testcase classname="com.api.tests.ForgotPasswordTest" name="checkForgotPassword" time="2.479"/>
</testsuite> <!-- com.api.tests.ForgotPasswordTest -->
