<?xml version="1.0" encoding="UTF-8"?>
<!-- Generated by org.testng.reporters.JUnitReportReporter -->
<testsuite hostname="SaiSravani" failures="0" tests="1" name="com.api.tests.loginAPITest1" time="2.278" errors="0" timestamp="2025-06-06T13:11:18 CEST" skipped="0">
  <testcase classname="com.api.tests.loginAPITest1" name="loginTest" time="2.278"/>
</testsuite> <!-- com.api.tests.loginAPITest1 -->
