<?xml version="1.0" encoding="UTF-8"?>
<!-- Generated by org.testng.reporters.JUnitReportReporter -->
<testsuite hostname="SaiSravani" failures="0" tests="1" name="com.api.tests.loginAPITest3" time="3.069" errors="0" timestamp="2025-06-11T11:51:04 CEST" skipped="0">
  <testcase classname="com.api.tests.loginAPITest3" name="loginTest" time="3.069"/>
</testsuite> <!-- com.api.tests.loginAPITest3 -->
