<?xml version="1.0" encoding="UTF-8"?>
<!-- Generated by org.testng.reporters.JUnitReportReporter -->
<testsuite hostname="SaiSravani" failures="0" tests="1" name="com.api.tests.LoginAPITest3" time="3.554" errors="0" timestamp="2025-06-17T14:04:14 CEST" skipped="0">
  <testcase classname="com.api.tests.LoginAPITest3" name="loginTest" time="3.554"/>
</testsuite> <!-- com.api.tests.LoginAPITest3 -->
