<?xml version="1.0" encoding="UTF-8"?>
<!-- Generated by org.testng.reporters.JUnitReportReporter -->
<testsuite hostname="SaiSravani" failures="0" tests="1" name="com.api.tests.GetProfileRequestTest" time="3.020" errors="0" timestamp="2025-06-11T14:04:01 CEST" skipped="0">
  <testcase classname="com.api.tests.GetProfileRequestTest" name="getProfileDetails" time="3.020"/>
</testsuite> <!-- com.api.tests.GetProfileRequestTest -->
