<?xml version="1.0" encoding="UTF-8"?>
<!-- Generated by org.testng.reporters.JUnitReportReporter -->
<testsuite hostname="SaiSravani" failures="0" tests="1" name="com.api.tests.loginAPITest3" time="2.697" errors="0" timestamp="2025-06-12T14:08:09 CEST" skipped="0">
  <testcase classname="com.api.tests.loginAPITest3" name="loginTest" time="2.697"/>
</testsuite> <!-- com.api.tests.loginAPITest3 -->
