<?xml version="1.0" encoding="UTF-8"?>
<!-- Generated by org.testng.reporters.JUnitReportReporter -->
<testsuite hostname="SaiSravani" failures="0" tests="1" name="com.api.tests.UpdateProfileTest" time="3.971" errors="0" timestamp="2025-06-11T16:16:00 CEST" skipped="0">
  <testcase classname="com.api.tests.UpdateProfileTest" name="updateProfileInfo" time="3.971"/>
</testsuite> <!-- com.api.tests.UpdateProfileTest -->
